0 info it worked if it ends with ok
1 verbose cli [ '/home/yeehaa/.nvm/versions/io.js/v2.2.1/bin/iojs',
1 verbose cli   '/home/yeehaa/.nvm/versions/io.js/v2.2.1/bin/npm',
1 verbose cli   'install',
1 verbose cli   'phoenixjs',
1 verbose cli   '--save' ]
2 info using npm@2.11.0
3 info using node@v2.2.1
4 verbose install initial load of /home/yeehaa/Documents/elixir-exercises/twurl/package.json
5 warn package.json todo_phoenix@1.0.0 No repository field.
6 verbose installManyTop reading scoped package data from /home/yeehaa/Documents/elixir-exercises/twurl/node_modules/babel-core/package.json
7 verbose installManyTop reading scoped package data from /home/yeehaa/Documents/elixir-exercises/twurl/node_modules/babel-eslint/package.json
8 verbose installManyTop reading scoped package data from /home/yeehaa/Documents/elixir-exercises/twurl/node_modules/babel-loader/package.json
9 verbose installManyTop reading scoped package data from /home/yeehaa/Documents/elixir-exercises/twurl/node_modules/css-loader/package.json
10 verbose installManyTop reading scoped package data from /home/yeehaa/Documents/elixir-exercises/twurl/node_modules/eslint/package.json
11 verbose installManyTop reading scoped package data from /home/yeehaa/Documents/elixir-exercises/twurl/node_modules/eslint-loader/package.json
12 verbose installManyTop reading scoped package data from /home/yeehaa/Documents/elixir-exercises/twurl/node_modules/eslint-plugin-react/package.json
13 verbose installManyTop reading scoped package data from /home/yeehaa/Documents/elixir-exercises/twurl/node_modules/extract-text-webpack-plugin/package.json
14 verbose installManyTop reading scoped package data from /home/yeehaa/Documents/elixir-exercises/twurl/node_modules/node-libs-browser/package.json
15 verbose installManyTop reading scoped package data from /home/yeehaa/Documents/elixir-exercises/twurl/node_modules/node-sass/package.json
16 verbose installManyTop reading scoped package data from /home/yeehaa/Documents/elixir-exercises/twurl/node_modules/offcourse-component-todolist/package.json
17 verbose installManyTop reading scoped package data from /home/yeehaa/Documents/elixir-exercises/twurl/node_modules/react/package.json
18 verbose installManyTop reading scoped package data from /home/yeehaa/Documents/elixir-exercises/twurl/node_modules/react-hot-loader/package.json
19 verbose installManyTop reading scoped package data from /home/yeehaa/Documents/elixir-exercises/twurl/node_modules/redux/package.json
20 verbose installManyTop reading scoped package data from /home/yeehaa/Documents/elixir-exercises/twurl/node_modules/sass-loader/package.json
21 verbose installManyTop reading scoped package data from /home/yeehaa/Documents/elixir-exercises/twurl/node_modules/style-loader/package.json
22 verbose installManyTop reading scoped package data from /home/yeehaa/Documents/elixir-exercises/twurl/node_modules/webpack/package.json
23 info package.json offcourse-component-todolist@0.0.7 No repository field.
24 verbose readDependencies loading dependencies from /home/yeehaa/Documents/elixir-exercises/twurl/package.json
25 silly cache add args [ 'phoenixjs', null ]
26 verbose cache add spec phoenixjs
27 silly cache add parsed spec { raw: 'phoenixjs',
27 silly cache add   scope: null,
27 silly cache add   name: 'phoenixjs',
27 silly cache add   rawSpec: '',
27 silly cache add   spec: '*',
27 silly cache add   type: 'range' }
28 silly addNamed phoenixjs@*
29 verbose addNamed "*" is a valid semver range for phoenixjs
30 silly addNameRange { name: 'phoenixjs', range: '*', hasData: false }
31 silly mapToRegistry name phoenixjs
32 silly mapToRegistry using default registry
33 silly mapToRegistry registry https://registry.npmjs.org/
34 silly mapToRegistry uri https://registry.npmjs.org/phoenixjs
35 verbose addNameRange registry:https://registry.npmjs.org/phoenixjs not in flight; fetching
36 verbose request uri https://registry.npmjs.org/phoenixjs
37 verbose request no auth needed
38 info attempt registry request try #1 at 00:34:31
39 verbose request using bearer token for auth
40 verbose request id fa53100052881eea
41 http request GET https://registry.npmjs.org/phoenixjs
42 http 404 https://registry.npmjs.org/phoenixjs
43 verbose headers { server: 'CouchDB/1.5.0 (Erlang OTP/R16B03)',
43 verbose headers   'content-type': 'application/json',
43 verbose headers   'cache-control': 'max-age=0',
43 verbose headers   'content-length': '51',
43 verbose headers   'accept-ranges': 'bytes',
43 verbose headers   date: 'Wed, 22 Jul 2015 22:34:31 GMT',
43 verbose headers   via: '1.1 varnish',
43 verbose headers   connection: 'keep-alive',
43 verbose headers   'x-served-by': 'cache-ams4124-AMS',
43 verbose headers   'x-cache': 'MISS',
43 verbose headers   'x-cache-hits': '0',
43 verbose headers   'x-timer': 'S1437604471.773789,VS0,VE97' }
44 silly get cb [ 404,
44 silly get   { server: 'CouchDB/1.5.0 (Erlang OTP/R16B03)',
44 silly get     'content-type': 'application/json',
44 silly get     'cache-control': 'max-age=0',
44 silly get     'content-length': '51',
44 silly get     'accept-ranges': 'bytes',
44 silly get     date: 'Wed, 22 Jul 2015 22:34:31 GMT',
44 silly get     via: '1.1 varnish',
44 silly get     connection: 'keep-alive',
44 silly get     'x-served-by': 'cache-ams4124-AMS',
44 silly get     'x-cache': 'MISS',
44 silly get     'x-cache-hits': '0',
44 silly get     'x-timer': 'S1437604471.773789,VS0,VE97' } ]
45 verbose stack Error: 404 Not Found: phoenixjs
45 verbose stack     at CachingRegistryClient.<anonymous> (/home/yeehaa/.nvm/versions/io.js/v2.2.1/lib/node_modules/npm/node_modules/npm-registry-client/lib/request.js:245:14)
45 verbose stack     at Request._callback (/home/yeehaa/.nvm/versions/io.js/v2.2.1/lib/node_modules/npm/node_modules/npm-registry-client/lib/request.js:170:14)
45 verbose stack     at Request.self.callback (/home/yeehaa/.nvm/versions/io.js/v2.2.1/lib/node_modules/npm/node_modules/request/request.js:368:22)
45 verbose stack     at emitTwo (events.js:87:13)
45 verbose stack     at Request.emit (events.js:172:7)
45 verbose stack     at Request.<anonymous> (/home/yeehaa/.nvm/versions/io.js/v2.2.1/lib/node_modules/npm/node_modules/request/request.js:1219:14)
45 verbose stack     at emitOne (events.js:82:20)
45 verbose stack     at Request.emit (events.js:169:7)
45 verbose stack     at IncomingMessage.<anonymous> (/home/yeehaa/.nvm/versions/io.js/v2.2.1/lib/node_modules/npm/node_modules/request/request.js:1167:12)
45 verbose stack     at emitNone (events.js:72:20)
46 verbose statusCode 404
47 verbose pkgid phoenixjs
48 verbose cwd /home/yeehaa/Documents/elixir-exercises/twurl
49 error Linux 3.16.0-36-generic
50 error argv "/home/yeehaa/.nvm/versions/io.js/v2.2.1/bin/iojs" "/home/yeehaa/.nvm/versions/io.js/v2.2.1/bin/npm" "install" "phoenixjs" "--save"
51 error node v2.2.1
52 error npm  v2.11.0
53 error code E404
54 error 404 Not Found: phoenixjs
54 error 404
54 error 404 'phoenixjs' is not in the npm registry.
54 error 404 You should bug the author to publish it (or use the name yourself!)
54 error 404 It was specified as a dependency of 'todo_phoenix'
54 error 404
54 error 404 Note that you can also install from a
54 error 404 tarball, folder, http url, or git url.
55 verbose exit [ 1, true ]
